[0.012s] Invoking command in '/workspaces/gh_mk2/build/china_lidar_driver': CMAKE_PREFIX_PATH=/opt/ros/humble /usr/bin/cmake --build /workspaces/gh_mk2/build/china_lidar_driver -- -j12 -l12
[0.049s] [35m[1mConsolidate compiler generated dependencies of target data_reader[0m
[0.063s] [ 66%] [32mBuilding CXX object CMakeFiles/data_reader.dir/src/lidar_interaction.cpp.o[0m
[0.063s] [ 66%] [32mBuilding CXX object CMakeFiles/data_reader.dir/src/data_reader.cpp.o[0m
[0.342s] [01m[K/workspaces/gh_mk2/src/china_lidar_driver/src/lidar_interaction.cpp:[m[K In constructor â€˜[01m[KChinaLidar::LidarInteraction::LidarInteraction(ChinaLidar::LidarInteraction::PCCallback, ChinaLidar::LidarInteraction::ScanCallback, const string&, uint32_t)[m[Kâ€™:
[0.342s] [01m[K/workspaces/gh_mk2/src/china_lidar_driver/src/lidar_interaction.cpp:23:40:[m[K [01;31m[Kerror: [m[Kâ€˜[01m[KO_RDWR[m[Kâ€™ was not declared in this scope
[0.342s]    23 |         serial_fd = open(port.c_str(), [01;31m[KO_RDWR[m[K | O_NOCTTY );
[0.342s]       |                                        [01;31m[K^~~~~~[m[K
[0.344s] [01m[K/workspaces/gh_mk2/src/china_lidar_driver/src/lidar_interaction.cpp:23:49:[m[K [01;31m[Kerror: [m[Kâ€˜[01m[KO_NOCTTY[m[Kâ€™ was not declared in this scope; did you mean â€˜[01m[KENOTTY[m[Kâ€™?
[0.344s]    23 |         serial_fd = open(port.c_str(), O_RDWR | [01;31m[KO_NOCTTY[m[K );
[0.344s]       |                                                 [01;31m[K^~~~~~~~[m[K
[0.344s]       |                                                 [32m[KENOTTY[m[K
[0.346s] [01m[K/workspaces/gh_mk2/src/china_lidar_driver/src/lidar_interaction.cpp:23:21:[m[K [01;31m[Kerror: [m[Kâ€˜[01m[Kopen[m[Kâ€™ was not declared in this scope; did you mean â€˜[01m[Kpopen[m[Kâ€™?
[0.346s]    23 |         serial_fd = [01;31m[Kopen[m[K(port.c_str(), O_RDWR | O_NOCTTY );
[0.346s]       |                     [01;31m[K^~~~[m[K
[0.346s]       |                     [32m[Kpopen[m[K
[0.346s] [01m[K/workspaces/gh_mk2/src/china_lidar_driver/src/lidar_interaction.cpp:32:9:[m[K [01;31m[Kerror: [m[Kâ€˜[01m[Kmemset[m[Kâ€™ was not declared in this scope
[0.346s]    32 |         [01;31m[Kmemset[m[K(&tty, 0, sizeof(tty));
[0.346s]       |         [01;31m[K^~~~~~[m[K
[0.346s] [01m[K/workspaces/gh_mk2/src/china_lidar_driver/src/lidar_interaction.cpp:5:1:[m[K [01;36m[Knote: [m[Kâ€˜[01m[Kmemset[m[Kâ€™ is defined in header â€˜[01m[K<cstring>[m[Kâ€™; did you forget to â€˜[01m[K#include <cstring>[m[Kâ€™?
[0.346s]     4 | #include <termios.h>
[0.346s]   +++ |+[32m[K#include <cstring>[m[K
[0.346s]     5 | 
[0.348s] [01m[K/workspaces/gh_mk2/src/china_lidar_driver/src/lidar_interaction.cpp:[m[K In destructor â€˜[01m[KChinaLidar::LidarInteraction::~LidarInteraction()[m[Kâ€™:
[0.348s] [01m[K/workspaces/gh_mk2/src/china_lidar_driver/src/lidar_interaction.cpp:44:13:[m[K [01;31m[Kerror: [m[Kâ€˜[01m[Kclose[m[Kâ€™ was not declared in this scope; did you mean â€˜[01m[Kpclose[m[Kâ€™?
[0.348s]    44 |             [01;31m[Kclose[m[K(serial_fd);
[0.348s]       |             [01;31m[K^~~~~[m[K
[0.348s]       |             [32m[Kpclose[m[K
[0.378s] gmake[2]: *** [CMakeFiles/data_reader.dir/build.make:90: CMakeFiles/data_reader.dir/src/lidar_interaction.cpp.o] Error 1
[0.378s] gmake[2]: *** Waiting for unfinished jobs....
[5.598s] gmake[1]: *** [CMakeFiles/Makefile2:137: CMakeFiles/data_reader.dir/all] Error 2
[5.599s] gmake: *** [Makefile:146: all] Error 2
[5.600s] Invoked command in '/workspaces/gh_mk2/build/china_lidar_driver' returned '2': CMAKE_PREFIX_PATH=/opt/ros/humble /usr/bin/cmake --build /workspaces/gh_mk2/build/china_lidar_driver -- -j12 -l12
