[01m[K/workspaces/gh_mk2/src/china_lidar_driver/src/data_reader.cpp:11:13:[m[K [01;31m[Kerror: [m[Ktypedef declared â€˜[01m[Kauto[m[Kâ€™
   11 |     typedef [01;31m[Krclcpp[m[K::Publisher Publisher;
      |             [01;31m[K^~~~~~[m[K
[01m[K/workspaces/gh_mk2/src/china_lidar_driver/src/data_reader.cpp:12:26:[m[K [01;31m[Kerror: [m[Kâ€˜[01m[KPointCloud2[m[Kâ€™ in namespace â€˜[01m[Ksensor_msgs[m[Kâ€™ does not name a type
   12 |     typedef sensor_msgs::[01;31m[KPointCloud2[m[K PC;
      |                          [01;31m[K^~~~~~~~~~~[m[K
[01m[K/workspaces/gh_mk2/src/china_lidar_driver/src/data_reader.cpp:13:26:[m[K [01;31m[Kerror: [m[Kâ€˜[01m[KLaserScan[m[Kâ€™ in namespace â€˜[01m[Ksensor_msgs[m[Kâ€™ does not name a type
   13 |     typedef sensor_msgs::[01;31m[KLaserScan[m[K LS;
      |                          [01;31m[K^~~~~~~~~[m[K
[01m[K/workspaces/gh_mk2/src/china_lidar_driver/src/data_reader.cpp:28:5:[m[K [01;31m[Kerror: [m[Kinvalid template-id
   28 |     [01;31m[KPublisher[m[K<PC>::SharedPtr pointcloud_publisher;
      |     [01;31m[K^~~~~~~~~[m[K
[01m[K/workspaces/gh_mk2/src/china_lidar_driver/src/data_reader.cpp:28:15:[m[K [01;31m[Kerror: [m[Kâ€˜[01m[KPC[m[Kâ€™ was not declared in this scope
   28 |     Publisher<[01;31m[KPC[m[K>::SharedPtr pointcloud_publisher;
      |               [01;31m[K^~[m[K
[01m[K/workspaces/gh_mk2/src/china_lidar_driver/src/data_reader.cpp:28:20:[m[K [01;31m[Kerror: [m[Kexpected â€˜[01m[K;[m[Kâ€™ at end of member declaration
   28 |     Publisher<PC>::[01;31m[KSharedPtr[m[K pointcloud_publisher;
      |                    [01;31m[K^~~~~~~~~[m[K
      |                             [32m[K;[m[K
[01m[K/workspaces/gh_mk2/src/china_lidar_driver/src/data_reader.cpp:28:30:[m[K [01;31m[Kerror: [m[Kâ€˜[01m[Kpointcloud_publisher[m[Kâ€™ does not name a type
   28 |     Publisher<PC>::SharedPtr [01;31m[Kpointcloud_publisher[m[K;
      |                              [01;31m[K^~~~~~~~~~~~~~~~~~~~[m[K
[01m[K/workspaces/gh_mk2/src/china_lidar_driver/src/data_reader.cpp:29:5:[m[K [01;31m[Kerror: [m[Kinvalid template-id
   29 |     [01;31m[KPublisher[m[K<LS>::SharedPtr scan_publisher;
      |     [01;31m[K^~~~~~~~~[m[K
[01m[K/workspaces/gh_mk2/src/china_lidar_driver/src/data_reader.cpp:29:15:[m[K [01;31m[Kerror: [m[Kâ€˜[01m[KLS[m[Kâ€™ was not declared in this scope
   29 |     Publisher<[01;31m[KLS[m[K>::SharedPtr scan_publisher;
      |               [01;31m[K^~[m[K
[01m[K/workspaces/gh_mk2/src/china_lidar_driver/src/data_reader.cpp:29:20:[m[K [01;31m[Kerror: [m[Kexpected â€˜[01m[K;[m[Kâ€™ at end of member declaration
   29 |     Publisher<LS>::[01;31m[KSharedPtr[m[K scan_publisher;
      |                    [01;31m[K^~~~~~~~~[m[K
      |                             [32m[K;[m[K
[01m[K/workspaces/gh_mk2/src/china_lidar_driver/src/data_reader.cpp:29:30:[m[K [01;31m[Kerror: [m[Kâ€˜[01m[Kscan_publisher[m[Kâ€™ does not name a type; did you mean â€˜[01m[Krcl_publisher_t[m[Kâ€™?
   29 |     Publisher<LS>::SharedPtr [01;31m[Kscan_publisher[m[K;
      |                              [01;31m[K^~~~~~~~~~~~~~[m[K
      |                              [32m[Krcl_publisher_t[m[K
[01m[K/workspaces/gh_mk2/src/china_lidar_driver/src/data_reader.cpp:34:5:[m[K [01;31m[Kerror: [m[Kâ€˜[01m[KPC[m[Kâ€™ does not name a type
   34 |     [01;31m[KPC[m[K createPointCloudMessage()
      |     [01;31m[K^~[m[K
[01m[K/workspaces/gh_mk2/src/china_lidar_driver/src/data_reader.cpp:39:5:[m[K [01;31m[Kerror: [m[Kâ€˜[01m[KLS[m[Kâ€™ does not name a type
   39 |     [01;31m[KLS[m[K createLaserScanMessage()
      |     [01;31m[K^~[m[K
[01m[K/workspaces/gh_mk2/src/china_lidar_driver/src/data_reader.cpp:[m[K In constructor â€˜[01m[KDataReader::DataReader()[m[Kâ€™:
[01m[K/workspaces/gh_mk2/src/china_lidar_driver/src/data_reader.cpp:23:9:[m[K [01;31m[Kerror: [m[Kâ€˜[01m[Kpointcloud_publisher[m[Kâ€™ was not declared in this scope
   23 |         [01;31m[Kpointcloud_publisher[m[K = create_publisher<PC>("cloud", 10);
      |         [01;31m[K^~~~~~~~~~~~~~~~~~~~[m[K
[01m[K/workspaces/gh_mk2/src/china_lidar_driver/src/data_reader.cpp:23:49:[m[K [01;31m[Kerror: [m[Kâ€˜[01m[KPC[m[Kâ€™ was not declared in this scope
   23 |         pointcloud_publisher = create_publisher<[01;31m[KPC[m[K>("cloud", 10);
      |                                                 [01;31m[K^~[m[K
[01m[K/workspaces/gh_mk2/src/china_lidar_driver/src/data_reader.cpp:23:52:[m[K [01;31m[Kerror: [m[Kno matching function for call to â€˜[01m[KDataReader::create_publisher<<expression error> >(const char [6], int)[m[Kâ€™
   23 |         pointcloud_publisher = [01;31m[Kcreate_publisher<PC>("cloud", 10)[m[K;
      |                                [01;31m[K~~~~~~~~~~~~~~~~~~~~^~~~~~~~~~~~~[m[K
In file included from [01m[K/opt/ros/humble/include/rclcpp/rclcpp/executors/single_threaded_executor.hpp:28[m[K,
                 from [01m[K/opt/ros/humble/include/rclcpp/rclcpp/executors.hpp:22[m[K,
                 from [01m[K/opt/ros/humble/include/rclcpp/rclcpp/rclcpp.hpp:155[m[K,
                 from [01m[K/workspaces/gh_mk2/src/china_lidar_driver/src/data_reader.cpp:1[m[K:
[01m[K/opt/ros/humble/include/rclcpp/rclcpp/node.hpp:195:3:[m[K [01;36m[Knote: [m[Kcandidate: â€˜[01m[Ktemplate<class MessageT, class AllocatorT, class PublisherT> std::shared_ptr<PublisherT> rclcpp::Node::create_publisher(const string&, const rclcpp::QoS&, const rclcpp::PublisherOptionsWithAllocator<AllocatorT>&)[m[Kâ€™
  195 |   [01;36m[Kcreate_publisher[m[K(
      |   [01;36m[K^~~~~~~~~~~~~~~~[m[K
[01m[K/opt/ros/humble/include/rclcpp/rclcpp/node.hpp:195:3:[m[K [01;36m[Knote: [m[K  template argument deduction/substitution failed:
[01m[K/workspaces/gh_mk2/src/china_lidar_driver/src/data_reader.cpp:23:52:[m[K [01;31m[Kerror: [m[Ktemplate argument 1 is invalid
   23 |         pointcloud_publisher = [01;31m[Kcreate_publisher<PC>("cloud", 10)[m[K;
      |                                [01;31m[K~~~~~~~~~~~~~~~~~~~~^~~~~~~~~~~~~[m[K
[01m[K/workspaces/gh_mk2/src/china_lidar_driver/src/data_reader.cpp:24:9:[m[K [01;31m[Kerror: [m[Kâ€˜[01m[Kscan_publisher[m[Kâ€™ was not declared in this scope; did you mean â€˜[01m[Kcreate_publisher[m[Kâ€™?
   24 |         [01;31m[Kscan_publisher[m[K = create_publisher<LS>("scan", 10);
      |         [01;31m[K^~~~~~~~~~~~~~[m[K
      |         [32m[Kcreate_publisher[m[K
[01m[K/workspaces/gh_mk2/src/china_lidar_driver/src/data_reader.cpp:24:43:[m[K [01;31m[Kerror: [m[Kâ€˜[01m[KLS[m[Kâ€™ was not declared in this scope
   24 |         scan_publisher = create_publisher<[01;31m[KLS[m[K>("scan", 10);
      |                                           [01;31m[K^~[m[K
[01m[K/workspaces/gh_mk2/src/china_lidar_driver/src/data_reader.cpp:24:46:[m[K [01;31m[Kerror: [m[Kno matching function for call to â€˜[01m[KDataReader::create_publisher<<expression error> >(const char [5], int)[m[Kâ€™
   24 |         scan_publisher = [01;31m[Kcreate_publisher<LS>("scan", 10)[m[K;
      |                          [01;31m[K~~~~~~~~~~~~~~~~~~~~^~~~~~~~~~~~[m[K
In file included from [01m[K/opt/ros/humble/include/rclcpp/rclcpp/executors/single_threaded_executor.hpp:28[m[K,
                 from [01m[K/opt/ros/humble/include/rclcpp/rclcpp/executors.hpp:22[m[K,
                 from [01m[K/opt/ros/humble/include/rclcpp/rclcpp/rclcpp.hpp:155[m[K,
                 from [01m[K/workspaces/gh_mk2/src/china_lidar_driver/src/data_reader.cpp:1[m[K:
[01m[K/opt/ros/humble/include/rclcpp/rclcpp/node.hpp:195:3:[m[K [01;36m[Knote: [m[Kcandidate: â€˜[01m[Ktemplate<class MessageT, class AllocatorT, class PublisherT> std::shared_ptr<PublisherT> rclcpp::Node::create_publisher(const string&, const rclcpp::QoS&, const rclcpp::PublisherOptionsWithAllocator<AllocatorT>&)[m[Kâ€™
  195 |   [01;36m[Kcreate_publisher[m[K(
      |   [01;36m[K^~~~~~~~~~~~~~~~[m[K
[01m[K/opt/ros/humble/include/rclcpp/rclcpp/node.hpp:195:3:[m[K [01;36m[Knote: [m[K  template argument deduction/substitution failed:
[01m[K/workspaces/gh_mk2/src/china_lidar_driver/src/data_reader.cpp:24:46:[m[K [01;31m[Kerror: [m[Ktemplate argument 1 is invalid
   24 |         scan_publisher = [01;31m[Kcreate_publisher<LS>("scan", 10)[m[K;
      |                          [01;31m[K~~~~~~~~~~~~~~~~~~~~^~~~~~~~~~~~[m[K
gmake[2]: *** [CMakeFiles/data_reader.dir/build.make:76: CMakeFiles/data_reader.dir/src/data_reader.cpp.o] Error 1
gmake[1]: *** [CMakeFiles/Makefile2:137: CMakeFiles/data_reader.dir/all] Error 2
gmake: *** [Makefile:146: all] Error 2
