[0.018s] Invoking command in '/workspaces/gh_mk2/build/china_lidar_driver': CMAKE_PREFIX_PATH=/opt/ros/humble /usr/bin/cmake --build /workspaces/gh_mk2/build/china_lidar_driver -- -j12 -l12
[0.063s] [35m[1mConsolidate compiler generated dependencies of target data_reader[0m
[0.077s] [ 50%] [32mBuilding CXX object CMakeFiles/data_reader.dir/src/data_reader.cpp.o[0m
[2.676s] [01m[K/workspaces/gh_mk2/src/china_lidar_driver/src/data_reader.cpp:11:13:[m[K [01;31m[Kerror: [m[Ktypedef declared â€˜[01m[Kauto[m[Kâ€™
[2.676s]    11 |     typedef [01;31m[Krclcpp[m[K::Publisher Publisher;
[2.676s]       |             [01;31m[K^~~~~~[m[K
[2.676s] [01m[K/workspaces/gh_mk2/src/china_lidar_driver/src/data_reader.cpp:12:26:[m[K [01;31m[Kerror: [m[Kâ€˜[01m[KPointCloud2[m[Kâ€™ in namespace â€˜[01m[Ksensor_msgs[m[Kâ€™ does not name a type
[2.676s]    12 |     typedef sensor_msgs::[01;31m[KPointCloud2[m[K PC;
[2.676s]       |                          [01;31m[K^~~~~~~~~~~[m[K
[2.676s] [01m[K/workspaces/gh_mk2/src/china_lidar_driver/src/data_reader.cpp:13:26:[m[K [01;31m[Kerror: [m[Kâ€˜[01m[KLaserScan[m[Kâ€™ in namespace â€˜[01m[Ksensor_msgs[m[Kâ€™ does not name a type
[2.676s]    13 |     typedef sensor_msgs::[01;31m[KLaserScan[m[K LS;
[2.676s]       |                          [01;31m[K^~~~~~~~~[m[K
[2.676s] [01m[K/workspaces/gh_mk2/src/china_lidar_driver/src/data_reader.cpp:29:5:[m[K [01;31m[Kerror: [m[Kinvalid template-id
[2.676s]    29 |     [01;31m[KPublisher[m[K<PC>::SharedPtr pointcloud_publisher;
[2.677s]       |     [01;31m[K^~~~~~~~~[m[K
[2.679s] [01m[K/workspaces/gh_mk2/src/china_lidar_driver/src/data_reader.cpp:29:15:[m[K [01;31m[Kerror: [m[Kâ€˜[01m[KPC[m[Kâ€™ was not declared in this scope
[2.679s]    29 |     Publisher<[01;31m[KPC[m[K>::SharedPtr pointcloud_publisher;
[2.679s]       |               [01;31m[K^~[m[K
[2.679s] [01m[K/workspaces/gh_mk2/src/china_lidar_driver/src/data_reader.cpp:29:20:[m[K [01;31m[Kerror: [m[Kexpected â€˜[01m[K;[m[Kâ€™ at end of member declaration
[2.679s]    29 |     Publisher<PC>::[01;31m[KSharedPtr[m[K pointcloud_publisher;
[2.680s]       |                    [01;31m[K^~~~~~~~~[m[K
[2.680s]       |                             [32m[K;[m[K
[2.681s] [01m[K/workspaces/gh_mk2/src/china_lidar_driver/src/data_reader.cpp:29:30:[m[K [01;31m[Kerror: [m[Kâ€˜[01m[Kpointcloud_publisher[m[Kâ€™ does not name a type
[2.681s]    29 |     Publisher<PC>::SharedPtr [01;31m[Kpointcloud_publisher[m[K;
[2.682s]       |                              [01;31m[K^~~~~~~~~~~~~~~~~~~~[m[K
[2.682s] [01m[K/workspaces/gh_mk2/src/china_lidar_driver/src/data_reader.cpp:30:5:[m[K [01;31m[Kerror: [m[Kinvalid template-id
[2.682s]    30 |     [01;31m[KPublisher[m[K<LS>::SharedPtr scan_publisher;
[2.682s]       |     [01;31m[K^~~~~~~~~[m[K
[2.684s] [01m[K/workspaces/gh_mk2/src/china_lidar_driver/src/data_reader.cpp:30:15:[m[K [01;31m[Kerror: [m[Kâ€˜[01m[KLS[m[Kâ€™ was not declared in this scope
[2.684s]    30 |     Publisher<[01;31m[KLS[m[K>::SharedPtr scan_publisher;
[2.684s]       |               [01;31m[K^~[m[K
[2.684s] [01m[K/workspaces/gh_mk2/src/china_lidar_driver/src/data_reader.cpp:30:20:[m[K [01;31m[Kerror: [m[Kexpected â€˜[01m[K;[m[Kâ€™ at end of member declaration
[2.684s]    30 |     Publisher<LS>::[01;31m[KSharedPtr[m[K scan_publisher;
[2.684s]       |                    [01;31m[K^~~~~~~~~[m[K
[2.685s]       |                             [32m[K;[m[K
[2.686s] [01m[K/workspaces/gh_mk2/src/china_lidar_driver/src/data_reader.cpp:30:30:[m[K [01;31m[Kerror: [m[Kâ€˜[01m[Kscan_publisher[m[Kâ€™ does not name a type; did you mean â€˜[01m[Krcl_publisher_t[m[Kâ€™?
[2.686s]    30 |     Publisher<LS>::SharedPtr [01;31m[Kscan_publisher[m[K;
[2.686s]       |                              [01;31m[K^~~~~~~~~~~~~~[m[K
[2.686s]       |                              [32m[Krcl_publisher_t[m[K
[2.686s] [01m[K/workspaces/gh_mk2/src/china_lidar_driver/src/data_reader.cpp:35:5:[m[K [01;31m[Kerror: [m[Kâ€˜[01m[KPC[m[Kâ€™ does not name a type
[2.686s]    35 |     [01;31m[KPC[m[K createPointCloudMessage()
[2.686s]       |     [01;31m[K^~[m[K
[2.687s] [01m[K/workspaces/gh_mk2/src/china_lidar_driver/src/data_reader.cpp:40:5:[m[K [01;31m[Kerror: [m[Kâ€˜[01m[KLS[m[Kâ€™ does not name a type
[2.687s]    40 |     [01;31m[KLS[m[K createLaserScanMessage()
[2.687s]       |     [01;31m[K^~[m[K
[2.688s] In file included from [01m[K/opt/ros/humble/include/rclcpp/rclcpp/node.hpp:1321[m[K,
[2.688s]                  from [01m[K/opt/ros/humble/include/rclcpp/rclcpp/executors/single_threaded_executor.hpp:28[m[K,
[2.688s]                  from [01m[K/opt/ros/humble/include/rclcpp/rclcpp/executors.hpp:22[m[K,
[2.688s]                  from [01m[K/opt/ros/humble/include/rclcpp/rclcpp/rclcpp.hpp:155[m[K,
[2.688s]                  from [01m[K/workspaces/gh_mk2/src/china_lidar_driver/src/data_reader.cpp:1[m[K:
[2.688s] /opt/ros/humble/include/rclcpp/rclcpp/node_impl.hpp: In instantiation of â€˜[01m[Kauto rclcpp::Node::declare_parameter(const string&, const ParameterT&, const ParameterDescriptor&, bool) [with ParameterT = unsigned int; std::string = std::__cxx11::basic_string<char>; rcl_interfaces::msg::ParameterDescriptor = rcl_interfaces::msg::ParameterDescriptor_<std::allocator<void> >][m[Kâ€™:
[2.688s] [01m[K/workspaces/gh_mk2/src/china_lidar_driver/src/data_reader.cpp:20:36:[m[K   required from here
[2.688s] [01m[K/opt/ros/humble/include/rclcpp/rclcpp/node_impl.hpp:204:15:[m[K [01;31m[Kerror: [m[Kcall of overloaded â€˜[01m[KParameterValue(const unsigned int&)[m[Kâ€™ is ambiguous
[2.688s]   204 |       rclcpp::[01;31m[KParameterValue(default_value)[m[K,
[2.688s]       |               [01;31m[K^~~~~~~~~~~~~~~~~~~~~~~~~~~~~[m[K
[2.688s] In file included from [01m[K/opt/ros/humble/include/rclcpp/rclcpp/parameter.hpp:26[m[K,
[2.688s]                  from [01m[K/opt/ros/humble/include/rclcpp/rclcpp/node_interfaces/node_parameters_interface.hpp:28[m[K,
[2.688s]                  from [01m[K/opt/ros/humble/include/rclcpp/rclcpp/node.hpp:54[m[K,
[2.688s]                  from [01m[K/opt/ros/humble/include/rclcpp/rclcpp/executors/single_threaded_executor.hpp:28[m[K,
[2.689s]                  from [01m[K/opt/ros/humble/include/rclcpp/rclcpp/executors.hpp:22[m[K,
[2.689s]                  from [01m[K/opt/ros/humble/include/rclcpp/rclcpp/rclcpp.hpp:155[m[K,
[2.689s]                  from [01m[K/workspaces/gh_mk2/src/china_lidar_driver/src/data_reader.cpp:1[m[K:
[2.689s] [01m[K/opt/ros/humble/include/rclcpp/rclcpp/parameter_value.hpp:94:12:[m[K [01;36m[Knote: [m[Kcandidate: â€˜[01m[Krclcpp::ParameterValue::ParameterValue(double)[m[Kâ€™
[2.689s]    94 |   explicit [01;36m[KParameterValue[m[K(const double double_value);
[2.689s]       |            [01;36m[K^~~~~~~~~~~~~~[m[K
[2.689s] [01m[K/opt/ros/humble/include/rclcpp/rclcpp/parameter_value.hpp:91:12:[m[K [01;36m[Knote: [m[Kcandidate: â€˜[01m[Krclcpp::ParameterValue::ParameterValue(float)[m[Kâ€™
[2.689s]    91 |   explicit [01;36m[KParameterValue[m[K(const float double_value);
[2.689s]       |            [01;36m[K^~~~~~~~~~~~~~[m[K
[2.689s] [01m[K/opt/ros/humble/include/rclcpp/rclcpp/parameter_value.hpp:88:12:[m[K [01;36m[Knote: [m[Kcandidate: â€˜[01m[Krclcpp::ParameterValue::ParameterValue(int64_t)[m[Kâ€™
[2.689s]    88 |   explicit [01;36m[KParameterValue[m[K(const int64_t int_value);
[2.689s]       |            [01;36m[K^~~~~~~~~~~~~~[m[K
[2.689s] [01m[K/opt/ros/humble/include/rclcpp/rclcpp/parameter_value.hpp:85:12:[m[K [01;36m[Knote: [m[Kcandidate: â€˜[01m[Krclcpp::ParameterValue::ParameterValue(int)[m[Kâ€™
[2.689s]    85 |   explicit [01;36m[KParameterValue[m[K(const int int_value);
[2.689s]       |            [01;36m[K^~~~~~~~~~~~~~[m[K
[2.689s] [01m[K/opt/ros/humble/include/rclcpp/rclcpp/parameter_value.hpp:82:12:[m[K [01;36m[Knote: [m[Kcandidate: â€˜[01m[Krclcpp::ParameterValue::ParameterValue(bool)[m[Kâ€™
[2.689s]    82 |   explicit [01;36m[KParameterValue[m[K(const bool bool_value);
[2.689s]       |            [01;36m[K^~~~~~~~~~~~~~[m[K
[2.689s] [01m[K/opt/ros/humble/include/rclcpp/rclcpp/parameter_value.hpp:71:7:[m[K [01;36m[Knote: [m[Kcandidate: â€˜[01m[Krclcpp::ParameterValue::ParameterValue(const rclcpp::ParameterValue&)[m[Kâ€™
[2.690s]    71 | class [01;36m[KParameterValue[m[K
[2.690s]       |       [01;36m[K^~~~~~~~~~~~~~[m[K
[2.690s] [01m[K/opt/ros/humble/include/rclcpp/rclcpp/parameter_value.hpp:71:7:[m[K [01;36m[Knote: [m[Kcandidate: â€˜[01m[Krclcpp::ParameterValue::ParameterValue(rclcpp::ParameterValue&&)[m[Kâ€™
[2.695s] [01m[K/workspaces/gh_mk2/src/china_lidar_driver/src/data_reader.cpp:[m[K In constructor â€˜[01m[KDataReader::DataReader()[m[Kâ€™:
[2.696s] [01m[K/workspaces/gh_mk2/src/china_lidar_driver/src/data_reader.cpp:24:9:[m[K [01;31m[Kerror: [m[Kâ€˜[01m[Kpointcloud_publisher[m[Kâ€™ was not declared in this scope
[2.696s]    24 |         [01;31m[Kpointcloud_publisher[m[K = create_publisher<PC>("cloud");
[2.696s]       |         [01;31m[K^~~~~~~~~~~~~~~~~~~~[m[K
[2.698s] [01m[K/workspaces/gh_mk2/src/china_lidar_driver/src/data_reader.cpp:24:49:[m[K [01;31m[Kerror: [m[Kâ€˜[01m[KPC[m[Kâ€™ was not declared in this scope
[2.699s]    24 |         pointcloud_publisher = create_publisher<[01;31m[KPC[m[K>("cloud");
[2.699s]       |                                                 [01;31m[K^~[m[K
[2.699s] [01m[K/workspaces/gh_mk2/src/china_lidar_driver/src/data_reader.cpp:24:52:[m[K [01;31m[Kerror: [m[Kno matching function for call to â€˜[01m[KDataReader::create_publisher<<expression error> >(const char [6])[m[Kâ€™
[2.699s]    24 |         pointcloud_publisher = [01;31m[Kcreate_publisher<PC>("cloud")[m[K;
[2.699s]       |                                [01;31m[K~~~~~~~~~~~~~~~~~~~~^~~~~~~~~[m[K
[2.699s] In file included from [01m[K/opt/ros/humble/include/rclcpp/rclcpp/executors/single_threaded_executor.hpp:28[m[K,
[2.699s]                  from [01m[K/opt/ros/humble/include/rclcpp/rclcpp/executors.hpp:22[m[K,
[2.699s]                  from [01m[K/opt/ros/humble/include/rclcpp/rclcpp/rclcpp.hpp:155[m[K,
[2.699s]                  from [01m[K/workspaces/gh_mk2/src/china_lidar_driver/src/data_reader.cpp:1[m[K:
[2.699s] [01m[K/opt/ros/humble/include/rclcpp/rclcpp/node.hpp:195:3:[m[K [01;36m[Knote: [m[Kcandidate: â€˜[01m[Ktemplate<class MessageT, class AllocatorT, class PublisherT> std::shared_ptr<PublisherT> rclcpp::Node::create_publisher(const string&, const rclcpp::QoS&, const rclcpp::PublisherOptionsWithAllocator<AllocatorT>&)[m[Kâ€™
[2.699s]   195 |   [01;36m[Kcreate_publisher[m[K(
[2.699s]       |   [01;36m[K^~~~~~~~~~~~~~~~[m[K
[2.699s] [01m[K/opt/ros/humble/include/rclcpp/rclcpp/node.hpp:195:3:[m[K [01;36m[Knote: [m[K  template argument deduction/substitution failed:
[2.699s] [01m[K/workspaces/gh_mk2/src/china_lidar_driver/src/data_reader.cpp:24:52:[m[K [01;31m[Kerror: [m[Ktemplate argument 1 is invalid
[2.699s]    24 |         pointcloud_publisher = [01;31m[Kcreate_publisher<PC>("cloud")[m[K;
[2.699s]       |                                [01;31m[K~~~~~~~~~~~~~~~~~~~~^~~~~~~~~[m[K
[2.703s] [01m[K/workspaces/gh_mk2/src/china_lidar_driver/src/data_reader.cpp:25:9:[m[K [01;31m[Kerror: [m[Kâ€˜[01m[Kscan_publisher[m[Kâ€™ was not declared in this scope; did you mean â€˜[01m[Kcreate_publisher[m[Kâ€™?
[2.703s]    25 |         [01;31m[Kscan_publisher[m[K = create_publisher<LS>("scan");
[2.703s]       |         [01;31m[K^~~~~~~~~~~~~~[m[K
[2.704s]       |         [32m[Kcreate_publisher[m[K
[2.706s] [01m[K/workspaces/gh_mk2/src/china_lidar_driver/src/data_reader.cpp:25:43:[m[K [01;31m[Kerror: [m[Kâ€˜[01m[KLS[m[Kâ€™ was not declared in this scope
[2.706s]    25 |         scan_publisher = create_publisher<[01;31m[KLS[m[K>("scan");
[2.706s]       |                                           [01;31m[K^~[m[K
[2.706s] [01m[K/workspaces/gh_mk2/src/china_lidar_driver/src/data_reader.cpp:25:46:[m[K [01;31m[Kerror: [m[Kno matching function for call to â€˜[01m[KDataReader::create_publisher<<expression error> >(const char [5])[m[Kâ€™
[2.706s]    25 |         scan_publisher = [01;31m[Kcreate_publisher<LS>("scan")[m[K;
[2.706s]       |                          [01;31m[K~~~~~~~~~~~~~~~~~~~~^~~~~~~~[m[K
[2.706s] In file included from [01m[K/opt/ros/humble/include/rclcpp/rclcpp/executors/single_threaded_executor.hpp:28[m[K,
[2.707s]                  from [01m[K/opt/ros/humble/include/rclcpp/rclcpp/executors.hpp:22[m[K,
[2.707s]                  from [01m[K/opt/ros/humble/include/rclcpp/rclcpp/rclcpp.hpp:155[m[K,
[2.707s]                  from [01m[K/workspaces/gh_mk2/src/china_lidar_driver/src/data_reader.cpp:1[m[K:
[2.707s] [01m[K/opt/ros/humble/include/rclcpp/rclcpp/node.hpp:195:3:[m[K [01;36m[Knote: [m[Kcandidate: â€˜[01m[Ktemplate<class MessageT, class AllocatorT, class PublisherT> std::shared_ptr<PublisherT> rclcpp::Node::create_publisher(const string&, const rclcpp::QoS&, const rclcpp::PublisherOptionsWithAllocator<AllocatorT>&)[m[Kâ€™
[2.707s]   195 |   [01;36m[Kcreate_publisher[m[K(
[2.707s]       |   [01;36m[K^~~~~~~~~~~~~~~~[m[K
[2.707s] [01m[K/opt/ros/humble/include/rclcpp/rclcpp/node.hpp:195:3:[m[K [01;36m[Knote: [m[K  template argument deduction/substitution failed:
[2.707s] [01m[K/workspaces/gh_mk2/src/china_lidar_driver/src/data_reader.cpp:25:46:[m[K [01;31m[Kerror: [m[Ktemplate argument 1 is invalid
[2.707s]    25 |         scan_publisher = [01;31m[Kcreate_publisher<LS>("scan")[m[K;
[2.707s]       |                          [01;31m[K~~~~~~~~~~~~~~~~~~~~^~~~~~~~[m[K
[3.072s] gmake[2]: *** [CMakeFiles/data_reader.dir/build.make:76: CMakeFiles/data_reader.dir/src/data_reader.cpp.o] Error 1
[3.073s] gmake[1]: *** [CMakeFiles/Makefile2:137: CMakeFiles/data_reader.dir/all] Error 2
[3.073s] gmake: *** [Makefile:146: all] Error 2
[3.074s] Invoked command in '/workspaces/gh_mk2/build/china_lidar_driver' returned '2': CMAKE_PREFIX_PATH=/opt/ros/humble /usr/bin/cmake --build /workspaces/gh_mk2/build/china_lidar_driver -- -j12 -l12
