-- Found ament_cmake: 1.3.5 (/opt/ros/humble/share/ament_cmake/cmake)
-- Found rclcpp: 16.0.5 (/opt/ros/humble/share/rclcpp/cmake)
-- Found rosidl_generator_c: 3.1.5 (/opt/ros/humble/share/rosidl_generator_c/cmake)
-- Found rosidl_adapter: 3.1.5 (/opt/ros/humble/share/rosidl_adapter/cmake)
-- Found rosidl_generator_cpp: 3.1.5 (/opt/ros/humble/share/rosidl_generator_cpp/cmake)
-- Using all available rosidl_typesupport_c: rosidl_typesupport_fastrtps_c;rosidl_typesupport_introspection_c
-- Using all available rosidl_typesupport_cpp: rosidl_typesupport_fastrtps_cpp;rosidl_typesupport_introspection_cpp
-- Found rmw_implementation_cmake: 6.1.1 (/opt/ros/humble/share/rmw_implementation_cmake/cmake)
-- Found rmw_cyclonedds_cpp: 1.3.4 (/opt/ros/humble/share/rmw_cyclonedds_cpp/cmake)
-- Using RMW implementation 'rmw_cyclonedds_cpp' as default
-- Found sensor_msgs: 4.2.3 (/opt/ros/humble/share/sensor_msgs/cmake)
-- Configuring done
-- Generating done
-- Build files have been written to: /workspaces/gh_mk2/build/china_lidar_driver
[35m[1mConsolidate compiler generated dependencies of target data_reader[0m
[ 50%] [32mBuilding CXX object CMakeFiles/data_reader.dir/src/data_reader.cpp.o[0m
[01m[K/workspaces/gh_mk2/src/china_lidar_driver/src/data_reader.cpp:11:13:[m[K [01;31m[Kerror: [m[Ktypedef declared â€˜[01m[Kauto[m[Kâ€™
   11 |     typedef [01;31m[Krclcpp[m[K::Publisher Publisher;
      |             [01;31m[K^~~~~~[m[K
[01m[K/workspaces/gh_mk2/src/china_lidar_driver/src/data_reader.cpp:12:26:[m[K [01;31m[Kerror: [m[Kâ€˜[01m[KPointCloud2[m[Kâ€™ in namespace â€˜[01m[Ksensor_msgs[m[Kâ€™ does not name a type
   12 |     typedef sensor_msgs::[01;31m[KPointCloud2[m[K PC;
      |                          [01;31m[K^~~~~~~~~~~[m[K
[01m[K/workspaces/gh_mk2/src/china_lidar_driver/src/data_reader.cpp:13:26:[m[K [01;31m[Kerror: [m[Kâ€˜[01m[KLaserScan[m[Kâ€™ in namespace â€˜[01m[Ksensor_msgs[m[Kâ€™ does not name a type
   13 |     typedef sensor_msgs::[01;31m[KLaserScan[m[K LS;
      |                          [01;31m[K^~~~~~~~~[m[K
[01m[K/workspaces/gh_mk2/src/china_lidar_driver/src/data_reader.cpp:31:5:[m[K [01;31m[Kerror: [m[Kinvalid template-id
   31 |     [01;31m[KPublisher[m[K<PC>::SharedPtr pointcloud_publisher;
      |     [01;31m[K^~~~~~~~~[m[K
[01m[K/workspaces/gh_mk2/src/china_lidar_driver/src/data_reader.cpp:31:15:[m[K [01;31m[Kerror: [m[Kâ€˜[01m[KPC[m[Kâ€™ was not declared in this scope
   31 |     Publisher<[01;31m[KPC[m[K>::SharedPtr pointcloud_publisher;
      |               [01;31m[K^~[m[K
[01m[K/workspaces/gh_mk2/src/china_lidar_driver/src/data_reader.cpp:31:20:[m[K [01;31m[Kerror: [m[Kexpected â€˜[01m[K;[m[Kâ€™ at end of member declaration
   31 |     Publisher<PC>::[01;31m[KSharedPtr[m[K pointcloud_publisher;
      |                    [01;31m[K^~~~~~~~~[m[K
      |                             [32m[K;[m[K
[01m[K/workspaces/gh_mk2/src/china_lidar_driver/src/data_reader.cpp:31:30:[m[K [01;31m[Kerror: [m[Kâ€˜[01m[Kpointcloud_publisher[m[Kâ€™ does not name a type
   31 |     Publisher<PC>::SharedPtr [01;31m[Kpointcloud_publisher[m[K;
      |                              [01;31m[K^~~~~~~~~~~~~~~~~~~~[m[K
[01m[K/workspaces/gh_mk2/src/china_lidar_driver/src/data_reader.cpp:32:5:[m[K [01;31m[Kerror: [m[Kinvalid template-id
   32 |     [01;31m[KPublisher[m[K<LS>::SharedPtr scan_publisher;
      |     [01;31m[K^~~~~~~~~[m[K
[01m[K/workspaces/gh_mk2/src/china_lidar_driver/src/data_reader.cpp:32:15:[m[K [01;31m[Kerror: [m[Kâ€˜[01m[KLS[m[Kâ€™ was not declared in this scope
   32 |     Publisher<[01;31m[KLS[m[K>::SharedPtr scan_publisher;
      |               [01;31m[K^~[m[K
[01m[K/workspaces/gh_mk2/src/china_lidar_driver/src/data_reader.cpp:32:20:[m[K [01;31m[Kerror: [m[Kexpected â€˜[01m[K;[m[Kâ€™ at end of member declaration
   32 |     Publisher<LS>::[01;31m[KSharedPtr[m[K scan_publisher;
      |                    [01;31m[K^~~~~~~~~[m[K
      |                             [32m[K;[m[K
[01m[K/workspaces/gh_mk2/src/china_lidar_driver/src/data_reader.cpp:32:30:[m[K [01;31m[Kerror: [m[Kâ€˜[01m[Kscan_publisher[m[Kâ€™ does not name a type; did you mean â€˜[01m[Krcl_publisher_t[m[Kâ€™?
   32 |     Publisher<LS>::SharedPtr [01;31m[Kscan_publisher[m[K;
      |                              [01;31m[K^~~~~~~~~~~~~~[m[K
      |                              [32m[Krcl_publisher_t[m[K
[01m[K/workspaces/gh_mk2/src/china_lidar_driver/src/data_reader.cpp:37:5:[m[K [01;31m[Kerror: [m[Kâ€˜[01m[KPC[m[Kâ€™ does not name a type
   37 |     [01;31m[KPC[m[K createPointCloudMessage()
      |     [01;31m[K^~[m[K
[01m[K/workspaces/gh_mk2/src/china_lidar_driver/src/data_reader.cpp:42:5:[m[K [01;31m[Kerror: [m[Kâ€˜[01m[KLS[m[Kâ€™ does not name a type
   42 |     [01;31m[KLS[m[K createLaserScanMessage()
      |     [01;31m[K^~[m[K
In file included from [01m[K/opt/ros/humble/include/rclcpp/rclcpp/node.hpp:1321[m[K,
                 from [01m[K/opt/ros/humble/include/rclcpp/rclcpp/executors/single_threaded_executor.hpp:28[m[K,
                 from [01m[K/opt/ros/humble/include/rclcpp/rclcpp/executors.hpp:22[m[K,
                 from [01m[K/opt/ros/humble/include/rclcpp/rclcpp/rclcpp.hpp:155[m[K,
                 from [01m[K/workspaces/gh_mk2/src/china_lidar_driver/src/data_reader.cpp:1[m[K:
/opt/ros/humble/include/rclcpp/rclcpp/node_impl.hpp: In instantiation of â€˜[01m[Kauto rclcpp::Node::declare_parameter(const string&, const ParameterT&, const ParameterDescriptor&, bool) [with ParameterT = unsigned int; std::string = std::__cxx11::basic_string<char>; rcl_interfaces::msg::ParameterDescriptor = rcl_interfaces::msg::ParameterDescriptor_<std::allocator<void> >][m[Kâ€™:
[01m[K/workspaces/gh_mk2/src/china_lidar_driver/src/data_reader.cpp:20:36:[m[K   required from here
[01m[K/opt/ros/humble/include/rclcpp/rclcpp/node_impl.hpp:204:15:[m[K [01;31m[Kerror: [m[Kcall of overloaded â€˜[01m[KParameterValue(const unsigned int&)[m[Kâ€™ is ambiguous
  204 |       rclcpp::[01;31m[KParameterValue(default_value)[m[K,
      |               [01;31m[K^~~~~~~~~~~~~~~~~~~~~~~~~~~~~[m[K
In file included from [01m[K/opt/ros/humble/include/rclcpp/rclcpp/parameter.hpp:26[m[K,
                 from [01m[K/opt/ros/humble/include/rclcpp/rclcpp/node_interfaces/node_parameters_interface.hpp:28[m[K,
                 from [01m[K/opt/ros/humble/include/rclcpp/rclcpp/node.hpp:54[m[K,
                 from [01m[K/opt/ros/humble/include/rclcpp/rclcpp/executors/single_threaded_executor.hpp:28[m[K,
                 from [01m[K/opt/ros/humble/include/rclcpp/rclcpp/executors.hpp:22[m[K,
                 from [01m[K/opt/ros/humble/include/rclcpp/rclcpp/rclcpp.hpp:155[m[K,
                 from [01m[K/workspaces/gh_mk2/src/china_lidar_driver/src/data_reader.cpp:1[m[K:
[01m[K/opt/ros/humble/include/rclcpp/rclcpp/parameter_value.hpp:94:12:[m[K [01;36m[Knote: [m[Kcandidate: â€˜[01m[Krclcpp::ParameterValue::ParameterValue(double)[m[Kâ€™
   94 |   explicit [01;36m[KParameterValue[m[K(const double double_value);
      |            [01;36m[K^~~~~~~~~~~~~~[m[K
[01m[K/opt/ros/humble/include/rclcpp/rclcpp/parameter_value.hpp:91:12:[m[K [01;36m[Knote: [m[Kcandidate: â€˜[01m[Krclcpp::ParameterValue::ParameterValue(float)[m[Kâ€™
   91 |   explicit [01;36m[KParameterValue[m[K(const float double_value);
      |            [01;36m[K^~~~~~~~~~~~~~[m[K
[01m[K/opt/ros/humble/include/rclcpp/rclcpp/parameter_value.hpp:88:12:[m[K [01;36m[Knote: [m[Kcandidate: â€˜[01m[Krclcpp::ParameterValue::ParameterValue(int64_t)[m[Kâ€™
   88 |   explicit [01;36m[KParameterValue[m[K(const int64_t int_value);
      |            [01;36m[K^~~~~~~~~~~~~~[m[K
[01m[K/opt/ros/humble/include/rclcpp/rclcpp/parameter_value.hpp:85:12:[m[K [01;36m[Knote: [m[Kcandidate: â€˜[01m[Krclcpp::ParameterValue::ParameterValue(int)[m[Kâ€™
   85 |   explicit [01;36m[KParameterValue[m[K(const int int_value);
      |            [01;36m[K^~~~~~~~~~~~~~[m[K
[01m[K/opt/ros/humble/include/rclcpp/rclcpp/parameter_value.hpp:82:12:[m[K [01;36m[Knote: [m[Kcandidate: â€˜[01m[Krclcpp::ParameterValue::ParameterValue(bool)[m[Kâ€™
   82 |   explicit [01;36m[KParameterValue[m[K(const bool bool_value);
      |            [01;36m[K^~~~~~~~~~~~~~[m[K
[01m[K/opt/ros/humble/include/rclcpp/rclcpp/parameter_value.hpp:71:7:[m[K [01;36m[Knote: [m[Kcandidate: â€˜[01m[Krclcpp::ParameterValue::ParameterValue(const rclcpp::ParameterValue&)[m[Kâ€™
   71 | class [01;36m[KParameterValue[m[K
      |       [01;36m[K^~~~~~~~~~~~~~[m[K
[01m[K/opt/ros/humble/include/rclcpp/rclcpp/parameter_value.hpp:71:7:[m[K [01;36m[Knote: [m[Kcandidate: â€˜[01m[Krclcpp::ParameterValue::ParameterValue(rclcpp::ParameterValue&&)[m[Kâ€™
[01m[K/workspaces/gh_mk2/src/china_lidar_driver/src/data_reader.cpp:[m[K In constructor â€˜[01m[KDataReader::DataReader()[m[Kâ€™:
[01m[K/workspaces/gh_mk2/src/china_lidar_driver/src/data_reader.cpp:24:9:[m[K [01;31m[Kerror: [m[Kâ€˜[01m[Kpointcloud_publisher[m[Kâ€™ was not declared in this scope
   24 |         [01;31m[Kpointcloud_publisher[m[K = create_publisher<PC>("cloud", rclcpp::QoS(10));
      |         [01;31m[K^~~~~~~~~~~~~~~~~~~~[m[K
[01m[K/workspaces/gh_mk2/src/china_lidar_driver/src/data_reader.cpp:24:49:[m[K [01;31m[Kerror: [m[Kâ€˜[01m[KPC[m[Kâ€™ was not declared in this scope
   24 |         pointcloud_publisher = create_publisher<[01;31m[KPC[m[K>("cloud", rclcpp::QoS(10));
      |                                                 [01;31m[K^~[m[K
[01m[K/workspaces/gh_mk2/src/china_lidar_driver/src/data_reader.cpp:24:52:[m[K [01;31m[Kerror: [m[Kno matching function for call to â€˜[01m[KDataReader::create_publisher<<expression error> >(const char [6], rclcpp::QoS)[m[Kâ€™
   24 |         pointcloud_publisher = [01;31m[Kcreate_publisher<PC>("cloud", rclcpp::QoS(10))[m[K;
      |                                [01;31m[K~~~~~~~~~~~~~~~~~~~~^~~~~~~~~~~~~~~~~~~~~~~~~~[m[K
In file included from [01m[K/opt/ros/humble/include/rclcpp/rclcpp/executors/single_threaded_executor.hpp:28[m[K,
                 from [01m[K/opt/ros/humble/include/rclcpp/rclcpp/executors.hpp:22[m[K,
                 from [01m[K/opt/ros/humble/include/rclcpp/rclcpp/rclcpp.hpp:155[m[K,
                 from [01m[K/workspaces/gh_mk2/src/china_lidar_driver/src/data_reader.cpp:1[m[K:
[01m[K/opt/ros/humble/include/rclcpp/rclcpp/node.hpp:195:3:[m[K [01;36m[Knote: [m[Kcandidate: â€˜[01m[Ktemplate<class MessageT, class AllocatorT, class PublisherT> std::shared_ptr<PublisherT> rclcpp::Node::create_publisher(const string&, const rclcpp::QoS&, const rclcpp::PublisherOptionsWithAllocator<AllocatorT>&)[m[Kâ€™
  195 |   [01;36m[Kcreate_publisher[m[K(
      |   [01;36m[K^~~~~~~~~~~~~~~~[m[K
[01m[K/opt/ros/humble/include/rclcpp/rclcpp/node.hpp:195:3:[m[K [01;36m[Knote: [m[K  template argument deduction/substitution failed:
[01m[K/workspaces/gh_mk2/src/china_lidar_driver/src/data_reader.cpp:24:52:[m[K [01;31m[Kerror: [m[Ktemplate argument 1 is invalid
   24 |         pointcloud_publisher = [01;31m[Kcreate_publisher<PC>("cloud", rclcpp::QoS(10))[m[K;
      |                                [01;31m[K~~~~~~~~~~~~~~~~~~~~^~~~~~~~~~~~~~~~~~~~~~~~~~[m[K
[01m[K/workspaces/gh_mk2/src/china_lidar_driver/src/data_reader.cpp:25:9:[m[K [01;31m[Kerror: [m[Kâ€˜[01m[Kscan_publisher[m[Kâ€™ was not declared in this scope; did you mean â€˜[01m[Kcreate_publisher[m[Kâ€™?
   25 |         [01;31m[Kscan_publisher[m[K = create_publisher<LS>("scan", rclcpp::QoS(10));
      |         [01;31m[K^~~~~~~~~~~~~~[m[K
      |         [32m[Kcreate_publisher[m[K
[01m[K/workspaces/gh_mk2/src/china_lidar_driver/src/data_reader.cpp:25:43:[m[K [01;31m[Kerror: [m[Kâ€˜[01m[KLS[m[Kâ€™ was not declared in this scope
   25 |         scan_publisher = create_publisher<[01;31m[KLS[m[K>("scan", rclcpp::QoS(10));
      |                                           [01;31m[K^~[m[K
[01m[K/workspaces/gh_mk2/src/china_lidar_driver/src/data_reader.cpp:25:46:[m[K [01;31m[Kerror: [m[Kno matching function for call to â€˜[01m[KDataReader::create_publisher<<expression error> >(const char [5], rclcpp::QoS)[m[Kâ€™
   25 |         scan_publisher = [01;31m[Kcreate_publisher<LS>("scan", rclcpp::QoS(10))[m[K;
      |                          [01;31m[K~~~~~~~~~~~~~~~~~~~~^~~~~~~~~~~~~~~~~~~~~~~~~[m[K
In file included from [01m[K/opt/ros/humble/include/rclcpp/rclcpp/executors/single_threaded_executor.hpp:28[m[K,
                 from [01m[K/opt/ros/humble/include/rclcpp/rclcpp/executors.hpp:22[m[K,
                 from [01m[K/opt/ros/humble/include/rclcpp/rclcpp/rclcpp.hpp:155[m[K,
                 from [01m[K/workspaces/gh_mk2/src/china_lidar_driver/src/data_reader.cpp:1[m[K:
[01m[K/opt/ros/humble/include/rclcpp/rclcpp/node.hpp:195:3:[m[K [01;36m[Knote: [m[Kcandidate: â€˜[01m[Ktemplate<class MessageT, class AllocatorT, class PublisherT> std::shared_ptr<PublisherT> rclcpp::Node::create_publisher(const string&, const rclcpp::QoS&, const rclcpp::PublisherOptionsWithAllocator<AllocatorT>&)[m[Kâ€™
  195 |   [01;36m[Kcreate_publisher[m[K(
      |   [01;36m[K^~~~~~~~~~~~~~~~[m[K
[01m[K/opt/ros/humble/include/rclcpp/rclcpp/node.hpp:195:3:[m[K [01;36m[Knote: [m[K  template argument deduction/substitution failed:
[01m[K/workspaces/gh_mk2/src/china_lidar_driver/src/data_reader.cpp:25:46:[m[K [01;31m[Kerror: [m[Ktemplate argument 1 is invalid
   25 |         scan_publisher = [01;31m[Kcreate_publisher<LS>("scan", rclcpp::QoS(10))[m[K;
      |                          [01;31m[K~~~~~~~~~~~~~~~~~~~~^~~~~~~~~~~~~~~~~~~~~~~~~[m[K
gmake[2]: *** [CMakeFiles/data_reader.dir/build.make:76: CMakeFiles/data_reader.dir/src/data_reader.cpp.o] Error 1
gmake[1]: *** [CMakeFiles/Makefile2:137: CMakeFiles/data_reader.dir/all] Error 2
gmake: *** [Makefile:146: all] Error 2
